<?xml version="1.0" encoding="UTF-8"?>
<coverage generated="1732915793317" clover="3.2.0">
  <project timestamp="1732915793317" name="All files">
    <metrics statements="277" coveredstatements="236" conditionals="143" coveredconditionals="105" methods="34" coveredmethods="28" elements="454" coveredelements="369" complexity="0" loc="277" ncloc="277" packages="1" files="1" classes="1"/>
    <file name="mathUtils.ts" path="/Users/me/School/COMP-354/scientific_calculator/src/components/mathUtils.ts">
      <metrics statements="277" coveredstatements="236" conditionals="143" coveredconditionals="105" methods="34" coveredmethods="28"/>
      <line num="2" count="14" type="stmt"/>
      <line num="3" count="14" type="stmt"/>
      <line num="6" count="14" type="stmt"/>
      <line num="7" count="14" type="stmt"/>
      <line num="8" count="14" type="stmt"/>
      <line num="9" count="14" type="stmt"/>
      <line num="10" count="4" type="cond" truecount="2" falsecount="0"/>
      <line num="11" count="3" type="stmt"/>
      <line num="17" count="14" type="stmt"/>
      <line num="18" count="16" type="cond" truecount="2" falsecount="0"/>
      <line num="19" count="15" type="cond" truecount="2" falsecount="0"/>
      <line num="20" count="11" type="stmt"/>
      <line num="21" count="11" type="stmt"/>
      <line num="22" count="165" type="stmt"/>
      <line num="24" count="11" type="stmt"/>
      <line num="28" count="14" type="stmt"/>
      <line num="29" count="7" type="cond" truecount="4" falsecount="0"/>
      <line num="30" count="2" type="stmt"/>
      <line num="31" count="5" type="cond" truecount="4" falsecount="0"/>
      <line num="32" count="3" type="stmt"/>
      <line num="33" count="3" type="stmt"/>
      <line num="34" count="17" type="stmt"/>
      <line num="36" count="3" type="stmt"/>
      <line num="40" count="14" type="stmt"/>
      <line num="41" count="62" type="cond" truecount="2" falsecount="0"/>
      <line num="42" count="4" type="stmt"/>
      <line num="45" count="58" type="stmt"/>
      <line num="46" count="58" type="stmt"/>
      <line num="49" count="58" type="cond" truecount="2" falsecount="0"/>
      <line num="51" count="11" type="stmt"/>
      <line num="52" count="11" type="stmt"/>
      <line num="53" count="11" type="stmt"/>
      <line num="54" count="39" type="stmt"/>
      <line num="55" count="39" type="stmt"/>
      <line num="57" count="11" type="stmt"/>
      <line num="61" count="47" type="cond" truecount="2" falsecount="0"/>
      <line num="62" count="2" type="stmt"/>
      <line num="66" count="45" type="cond" truecount="4" falsecount="0"/>
      <line num="67" count="15" type="stmt"/>
      <line num="68" count="15" type="stmt"/>
      <line num="69" count="15" type="stmt"/>
      <line num="70" count="15" type="stmt"/>
      <line num="72" count="15" type="stmt"/>
      <line num="73" count="10" type="stmt"/>
      <line num="74" count="10" type="stmt"/>
      <line num="75" count="10" type="stmt"/>
      <line num="77" count="15" type="stmt"/>
      <line num="81" count="30" type="stmt"/>
      <line num="82" count="30" type="stmt"/>
      <line num="85" count="30" type="stmt"/>
      <line num="86" count="82" type="stmt"/>
      <line num="87" count="82" type="stmt"/>
      <line num="91" count="30" type="stmt"/>
      <line num="92" count="23" type="stmt"/>
      <line num="93" count="23" type="stmt"/>
      <line num="97" count="30" type="stmt"/>
      <line num="98" count="30" type="stmt"/>
      <line num="99" count="30" type="stmt"/>
      <line num="100" count="30" type="stmt"/>
      <line num="102" count="30" type="stmt"/>
      <line num="103" count="485" type="stmt"/>
      <line num="104" count="485" type="stmt"/>
      <line num="105" count="485" type="stmt"/>
      <line num="108" count="30" type="stmt"/>
      <line num="112" count="14" type="stmt"/>
      <line num="113" count="7" type="stmt"/>
      <line num="117" count="14" type="stmt"/>
      <line num="118" count="10" type="stmt"/>
      <line num="119" count="10" type="stmt"/>
      <line num="120" count="10" type="stmt"/>
      <line num="121" count="10" type="stmt"/>
      <line num="122" count="150" type="stmt"/>
      <line num="123" count="150" type="stmt"/>
      <line num="125" count="10" type="stmt"/>
      <line num="128" count="14" type="stmt"/>
      <line num="129" count="300" type="stmt"/>
      <line num="130" count="300" type="stmt"/>
      <line num="131" count="300" type="stmt"/>
      <line num="132" count="300" type="stmt"/>
      <line num="133" count="4500" type="stmt"/>
      <line num="134" count="4500" type="stmt"/>
      <line num="136" count="300" type="stmt"/>
      <line num="139" count="14" type="stmt"/>
      <line num="140" count="5" type="stmt"/>
      <line num="141" count="5" type="stmt"/>
      <line num="142" count="5" type="cond" truecount="1" falsecount="1"/>
      <line num="143" count="5" type="stmt"/>
      <line num="149" count="14" type="stmt"/>
      <line num="150" count="44" type="stmt"/>
      <line num="151" count="44" type="stmt"/>
      <line num="152" count="44" type="stmt"/>
      <line num="153" count="836" type="stmt"/>
      <line num="154" count="836" type="stmt"/>
      <line num="155" count="836" type="cond" truecount="2" falsecount="0"/>
      <line num="157" count="44" type="stmt"/>
      <line num="161" count="14" type="stmt"/>
      <line num="162" count="1417" type="cond" truecount="2" falsecount="0"/>
      <line num="166" count="14" type="stmt"/>
      <line num="167" count="29" type="stmt"/>
      <line num="173" count="14" type="stmt"/>
      <line num="174" count="20" type="stmt"/>
      <line num="175" count="20" type="stmt"/>
      <line num="176" count="20" type="stmt"/>
      <line num="180" count="14" type="stmt"/>
      <line num="181" count="26" type="cond" truecount="4" falsecount="0"/>
      <line num="182" count="2" type="stmt"/>
      <line num="186" count="24" type="cond" truecount="4" falsecount="0"/>
      <line num="187" count="2" type="stmt"/>
      <line num="189" count="22" type="cond" truecount="2" falsecount="0"/>
      <line num="190" count="20" type="cond" truecount="2" falsecount="0"/>
      <line num="191" count="15" type="cond" truecount="2" falsecount="0"/>
      <line num="192" count="4" type="stmt"/>
      <line num="194" count="11" type="stmt"/>
      <line num="195" count="11" type="stmt"/>
      <line num="196" count="29" type="cond" truecount="2" falsecount="0"/>
      <line num="197" count="29" type="stmt"/>
      <line num="198" count="29" type="stmt"/>
      <line num="200" count="11" type="stmt"/>
      <line num="204" count="14" type="stmt"/>
      <line num="205" count="15" type="cond" truecount="4" falsecount="0"/>
      <line num="206" count="4" type="stmt"/>
      <line num="208" count="11" type="cond" truecount="2" falsecount="0"/>
      <line num="209" count="9" type="cond" truecount="2" falsecount="0"/>
      <line num="211" count="7" type="stmt"/>
      <line num="212" count="7" type="stmt"/>
      <line num="213" count="7" type="stmt"/>
      <line num="215" count="7" type="stmt"/>
      <line num="216" count="294" type="stmt"/>
      <line num="217" count="294" type="stmt"/>
      <line num="219" count="294" type="cond" truecount="2" falsecount="0"/>
      <line num="220" count="127" type="stmt"/>
      <line num="222" count="167" type="stmt"/>
      <line num="226" count="7" type="stmt"/>
      <line num="229" count="14" type="stmt"/>
      <line num="230" count="11" type="cond" truecount="2" falsecount="0"/>
      <line num="233" count="41" type="stmt"/>
      <line num="237" count="41" type="stmt"/>
      <line num="239" count="10" type="stmt"/>
      <line num="242" count="14" type="stmt"/>
      <line num="243" count="15" type="cond" truecount="2" falsecount="0"/>
      <line num="246" count="62" type="stmt"/>
      <line num="249" count="14" type="stmt"/>
      <line num="250" count="62" type="stmt"/>
      <line num="251" count="62" type="stmt"/>
      <line num="255" count="14" type="stmt"/>
      <line num="258" count="14" type="stmt"/>
      <line num="262" count="14" type="stmt"/>
      <line num="263" count="19" type="cond" truecount="2" falsecount="0"/>
      <line num="264" count="2" type="stmt"/>
      <line num="265" count="17" type="cond" truecount="4" falsecount="0"/>
      <line num="266" count="5" type="stmt"/>
      <line num="268" count="12" type="stmt"/>
      <line num="274" count="14" type="stmt"/>
      <line num="276" count="29" type="stmt"/>
      <line num="279" count="29" type="stmt"/>
      <line num="280" count="29" type="stmt"/>
      <line num="281" count="6" type="cond" truecount="2" falsecount="0"/>
      <line num="282" count="6" type="stmt"/>
      <line num="284" count="31" type="stmt"/>
      <line num="286" count="6" type="cond" truecount="2" falsecount="0"/>
      <line num="289" count="6" type="stmt"/>
      <line num="294" count="29" type="stmt"/>
      <line num="297" count="29" type="stmt"/>
      <line num="300" count="29" type="cond" truecount="1" falsecount="1"/>
      <line num="304" count="29" type="stmt"/>
      <line num="305" count="29" type="stmt"/>
      <line num="307" count="29" type="stmt"/>
      <line num="325" count="29" type="stmt"/>
      <line num="326" count="100" type="stmt"/>
      <line num="328" count="100" type="cond" truecount="2" falsecount="0"/>
      <line num="329" count="37" type="stmt"/>
      <line num="330" count="63" type="cond" truecount="3" falsecount="1"/>
      <line num="331" count="0" type="cond" truecount="0" falsecount="2"/>
      <line num="332" count="63" type="cond" truecount="3" falsecount="1"/>
      <line num="333" count="0" type="cond" truecount="0" falsecount="2"/>
      <line num="334" count="63" type="cond" truecount="2" falsecount="0"/>
      <line num="335" count="20" type="stmt"/>
      <line num="336" count="43" type="cond" truecount="2" falsecount="0"/>
      <line num="337" count="19" type="cond" truecount="2" falsecount="0"/>
      <line num="338" count="1" type="stmt"/>
      <line num="340" count="19" type="stmt"/>
      <line num="341" count="24" type="cond" truecount="1" falsecount="1"/>
      <line num="343" count="0" type="cond" truecount="0" falsecount="7"/>
      <line num="351" count="0" type="cond" truecount="0" falsecount="2"/>
      <line num="353" count="0" type="stmt"/>
      <line num="354" count="0" type="stmt"/>
      <line num="357" count="0" type="stmt"/>
      <line num="362" count="0" type="stmt"/>
      <line num="364" count="0" type="stmt"/>
      <line num="367" count="24" type="stmt"/>
      <line num="372" count="0" type="stmt"/>
      <line num="374" count="24" type="stmt"/>
      <line num="378" count="29" type="stmt"/>
      <line num="379" count="24" type="stmt"/>
      <line num="382" count="29" type="stmt"/>
      <line num="383" count="29" type="stmt"/>
      <line num="384" count="62" type="cond" truecount="2" falsecount="0"/>
      <line num="385" count="37" type="stmt"/>
      <line num="388" count="25" type="cond" truecount="1" falsecount="1"/>
      <line num="389" count="0" type="stmt"/>
      <line num="390" count="0" type="cond" truecount="0" falsecount="2"/>
      <line num="392" count="0" type="stmt"/>
      <line num="394" count="0" type="stmt"/>
      <line num="395" count="0" type="stmt"/>
      <line num="397" count="0" type="stmt"/>
      <line num="398" count="0" type="cond" truecount="0" falsecount="2"/>
      <line num="399" count="0" type="stmt"/>
      <line num="400" count="0" type="stmt"/>
      <line num="403" count="0" type="cond" truecount="0" falsecount="2"/>
      <line num="404" count="0" type="stmt"/>
      <line num="405" count="0" type="stmt"/>
      <line num="406" count="25" type="cond" truecount="1" falsecount="1"/>
      <line num="407" count="0" type="stmt"/>
      <line num="408" count="0" type="cond" truecount="0" falsecount="2"/>
      <line num="410" count="0" type="stmt"/>
      <line num="412" count="0" type="stmt"/>
      <line num="413" count="0" type="stmt"/>
      <line num="415" count="0" type="stmt"/>
      <line num="416" count="0" type="cond" truecount="0" falsecount="2"/>
      <line num="417" count="0" type="stmt"/>
      <line num="418" count="0" type="stmt"/>
      <line num="421" count="0" type="cond" truecount="0" falsecount="2"/>
      <line num="422" count="0" type="stmt"/>
      <line num="423" count="0" type="stmt"/>
      <line num="426" count="25" type="cond" truecount="2" falsecount="0"/>
      <line num="427" count="3" type="stmt"/>
      <line num="428" count="3" type="stmt"/>
      <line num="429" count="3" type="stmt"/>
      <line num="431" count="22" type="cond" truecount="12" falsecount="2"/>
      <line num="433" count="2" type="stmt"/>
      <line num="434" count="2" type="stmt"/>
      <line num="435" count="2" type="stmt"/>
      <line num="436" count="2" type="stmt"/>
      <line num="439" count="0" type="stmt"/>
      <line num="440" count="0" type="stmt"/>
      <line num="441" count="0" type="stmt"/>
      <line num="442" count="0" type="stmt"/>
      <line num="445" count="1" type="stmt"/>
      <line num="446" count="1" type="stmt"/>
      <line num="447" count="1" type="stmt"/>
      <line num="448" count="1" type="stmt"/>
      <line num="451" count="1" type="stmt"/>
      <line num="452" count="1" type="stmt"/>
      <line num="453" count="1" type="stmt"/>
      <line num="454" count="1" type="stmt"/>
      <line num="457" count="4" type="stmt"/>
      <line num="458" count="4" type="stmt"/>
      <line num="459" count="4" type="stmt"/>
      <line num="460" count="2" type="stmt"/>
      <line num="463" count="0" type="stmt"/>
      <line num="464" count="0" type="stmt"/>
      <line num="465" count="0" type="stmt"/>
      <line num="468" count="1" type="stmt"/>
      <line num="469" count="1" type="stmt"/>
      <line num="470" count="1" type="stmt"/>
      <line num="473" count="1" type="stmt"/>
      <line num="474" count="1" type="stmt"/>
      <line num="475" count="1" type="stmt"/>
      <line num="478" count="3" type="stmt"/>
      <line num="479" count="3" type="stmt"/>
      <line num="480" count="3" type="stmt"/>
      <line num="483" count="1" type="stmt"/>
      <line num="484" count="1" type="stmt"/>
      <line num="485" count="1" type="stmt"/>
      <line num="488" count="1" type="stmt"/>
      <line num="489" count="1" type="stmt"/>
      <line num="490" count="1" type="stmt"/>
      <line num="493" count="1" type="stmt"/>
      <line num="494" count="1" type="stmt"/>
      <line num="495" count="1" type="stmt"/>
      <line num="498" count="1" type="stmt"/>
      <line num="499" count="1" type="stmt"/>
      <line num="500" count="1" type="stmt"/>
      <line num="503" count="4" type="stmt"/>
      <line num="504" count="4" type="stmt"/>
      <line num="505" count="2" type="stmt"/>
      <line num="513" count="23" type="stmt"/>
    </file>
  </project>
</coverage>
