{"/Users/me/School/COMP-354/scientific_calculator/src/components/mathUtils.ts": {"path":"/Users/me/School/COMP-354/scientific_calculator/src/components/mathUtils.ts","statementMap":{"0":{"start":{"line":2,"column":18},"end":{"line":2,"column":null}},"1":{"start":{"line":3,"column":17},"end":{"line":3,"column":null}},"2":{"start":{"line":6,"column":19},"end":{"line":6,"column":null}},"3":{"start":{"line":6,"column":53},"end":{"line":6,"column":null}},"4":{"start":{"line":7,"column":24},"end":{"line":7,"column":null}},"5":{"start":{"line":7,"column":58},"end":{"line":7,"column":null}},"6":{"start":{"line":8,"column":24},"end":{"line":8,"column":null}},"7":{"start":{"line":8,"column":58},"end":{"line":8,"column":null}},"8":{"start":{"line":9,"column":22},"end":{"line":12,"column":null}},"9":{"start":{"line":10,"column":2},"end":{"line":10,"column":null}},"10":{"start":{"line":10,"column":15},"end":{"line":10,"column":null}},"11":{"start":{"line":11,"column":2},"end":{"line":11,"column":null}},"12":{"start":{"line":17,"column":20},"end":{"line":25,"column":null}},"13":{"start":{"line":18,"column":2},"end":{"line":18,"column":null}},"14":{"start":{"line":18,"column":13},"end":{"line":18,"column":null}},"15":{"start":{"line":19,"column":2},"end":{"line":19,"column":null}},"16":{"start":{"line":19,"column":15},"end":{"line":19,"column":null}},"17":{"start":{"line":20,"column":14},"end":{"line":20,"column":null}},"18":{"start":{"line":21,"column":2},"end":{"line":23,"column":null}},"19":{"start":{"line":21,"column":15},"end":{"line":21,"column":18}},"20":{"start":{"line":22,"column":4},"end":{"line":22,"column":null}},"21":{"start":{"line":24,"column":2},"end":{"line":24,"column":null}},"22":{"start":{"line":28,"column":25},"end":{"line":37,"column":null}},"23":{"start":{"line":29,"column":2},"end":{"line":30,"column":null}},"24":{"start":{"line":30,"column":4},"end":{"line":30,"column":null}},"25":{"start":{"line":31,"column":2},"end":{"line":31,"column":null}},"26":{"start":{"line":31,"column":26},"end":{"line":31,"column":null}},"27":{"start":{"line":32,"column":15},"end":{"line":32,"column":null}},"28":{"start":{"line":33,"column":2},"end":{"line":35,"column":null}},"29":{"start":{"line":33,"column":15},"end":{"line":33,"column":18}},"30":{"start":{"line":34,"column":4},"end":{"line":34,"column":null}},"31":{"start":{"line":36,"column":2},"end":{"line":36,"column":null}},"32":{"start":{"line":40,"column":18},"end":{"line":109,"column":null}},"33":{"start":{"line":41,"column":2},"end":{"line":42,"column":null}},"34":{"start":{"line":42,"column":4},"end":{"line":42,"column":null}},"35":{"start":{"line":45,"column":14},"end":{"line":45,"column":null}},"36":{"start":{"line":46,"column":15},"end":{"line":46,"column":null}},"37":{"start":{"line":49,"column":2},"end":{"line":58,"column":null}},"38":{"start":{"line":51,"column":16},"end":{"line":51,"column":null}},"39":{"start":{"line":52,"column":15},"end":{"line":52,"column":null}},"40":{"start":{"line":53,"column":4},"end":{"line":56,"column":null}},"41":{"start":{"line":54,"column":6},"end":{"line":54,"column":null}},"42":{"start":{"line":55,"column":6},"end":{"line":55,"column":null}},"43":{"start":{"line":57,"column":4},"end":{"line":57,"column":null}},"44":{"start":{"line":61,"column":2},"end":{"line":63,"column":null}},"45":{"start":{"line":62,"column":4},"end":{"line":62,"column":null}},"46":{"start":{"line":66,"column":2},"end":{"line":78,"column":null}},"47":{"start":{"line":67,"column":14},"end":{"line":67,"column":null}},"48":{"start":{"line":68,"column":15},"end":{"line":68,"column":null}},"49":{"start":{"line":69,"column":14},"end":{"line":69,"column":null}},"50":{"start":{"line":70,"column":12},"end":{"line":70,"column":null}},"51":{"start":{"line":72,"column":4},"end":{"line":76,"column":null}},"52":{"start":{"line":73,"column":6},"end":{"line":73,"column":null}},"53":{"start":{"line":74,"column":6},"end":{"line":74,"column":null}},"54":{"start":{"line":75,"column":6},"end":{"line":75,"column":null}},"55":{"start":{"line":77,"column":4},"end":{"line":77,"column":null}},"56":{"start":{"line":81,"column":15},"end":{"line":81,"column":null}},"57":{"start":{"line":82,"column":14},"end":{"line":82,"column":null}},"58":{"start":{"line":85,"column":2},"end":{"line":88,"column":null}},"59":{"start":{"line":86,"column":4},"end":{"line":86,"column":null}},"60":{"start":{"line":87,"column":4},"end":{"line":87,"column":null}},"61":{"start":{"line":91,"column":2},"end":{"line":94,"column":null}},"62":{"start":{"line":92,"column":4},"end":{"line":92,"column":null}},"63":{"start":{"line":93,"column":4},"end":{"line":93,"column":null}},"64":{"start":{"line":97,"column":12},"end":{"line":97,"column":null}},"65":{"start":{"line":98,"column":13},"end":{"line":98,"column":null}},"66":{"start":{"line":99,"column":12},"end":{"line":99,"column":null}},"67":{"start":{"line":100,"column":10},"end":{"line":100,"column":null}},"68":{"start":{"line":102,"column":2},"end":{"line":106,"column":null}},"69":{"start":{"line":103,"column":4},"end":{"line":103,"column":null}},"70":{"start":{"line":104,"column":4},"end":{"line":104,"column":null}},"71":{"start":{"line":105,"column":4},"end":{"line":105,"column":null}},"72":{"start":{"line":108,"column":2},"end":{"line":108,"column":null}},"73":{"start":{"line":112,"column":21},"end":{"line":114,"column":null}},"74":{"start":{"line":113,"column":2},"end":{"line":113,"column":null}},"75":{"start":{"line":117,"column":20},"end":{"line":126,"column":null}},"76":{"start":{"line":118,"column":2},"end":{"line":118,"column":null}},"77":{"start":{"line":119,"column":15},"end":{"line":119,"column":null}},"78":{"start":{"line":120,"column":13},"end":{"line":120,"column":null}},"79":{"start":{"line":121,"column":2},"end":{"line":124,"column":null}},"80":{"start":{"line":121,"column":15},"end":{"line":121,"column":18}},"81":{"start":{"line":122,"column":4},"end":{"line":122,"column":null}},"82":{"start":{"line":123,"column":4},"end":{"line":123,"column":null}},"83":{"start":{"line":125,"column":2},"end":{"line":125,"column":null}},"84":{"start":{"line":128,"column":19},"end":{"line":137,"column":null}},"85":{"start":{"line":129,"column":2},"end":{"line":129,"column":null}},"86":{"start":{"line":130,"column":15},"end":{"line":130,"column":null}},"87":{"start":{"line":131,"column":13},"end":{"line":131,"column":null}},"88":{"start":{"line":132,"column":2},"end":{"line":135,"column":null}},"89":{"start":{"line":132,"column":15},"end":{"line":132,"column":18}},"90":{"start":{"line":133,"column":4},"end":{"line":133,"column":null}},"91":{"start":{"line":134,"column":4},"end":{"line":134,"column":null}},"92":{"start":{"line":136,"column":2},"end":{"line":136,"column":null}},"93":{"start":{"line":139,"column":19},"end":{"line":144,"column":null}},"94":{"start":{"line":140,"column":15},"end":{"line":140,"column":null}},"95":{"start":{"line":141,"column":15},"end":{"line":141,"column":null}},"96":{"start":{"line":142,"column":2},"end":{"line":142,"column":null}},"97":{"start":{"line":142,"column":18},"end":{"line":142,"column":null}},"98":{"start":{"line":143,"column":2},"end":{"line":143,"column":null}},"99":{"start":{"line":149,"column":19},"end":{"line":158,"column":null}},"100":{"start":{"line":150,"column":15},"end":{"line":150,"column":null}},"101":{"start":{"line":151,"column":13},"end":{"line":151,"column":null}},"102":{"start":{"line":152,"column":2},"end":{"line":156,"column":null}},"103":{"start":{"line":152,"column":15},"end":{"line":152,"column":18}},"104":{"start":{"line":153,"column":4},"end":{"line":153,"column":null}},"105":{"start":{"line":154,"column":4},"end":{"line":154,"column":null}},"106":{"start":{"line":155,"column":4},"end":{"line":155,"column":null}},"107":{"start":{"line":155,"column":27},"end":{"line":155,"column":null}},"108":{"start":{"line":157,"column":2},"end":{"line":157,"column":null}},"109":{"start":{"line":161,"column":19},"end":{"line":163,"column":null}},"110":{"start":{"line":162,"column":2},"end":{"line":162,"column":null}},"111":{"start":{"line":166,"column":21},"end":{"line":168,"column":null}},"112":{"start":{"line":167,"column":2},"end":{"line":167,"column":null}},"113":{"start":{"line":173,"column":20},"end":{"line":177,"column":null}},"114":{"start":{"line":174,"column":15},"end":{"line":174,"column":null}},"115":{"start":{"line":175,"column":18},"end":{"line":175,"column":null}},"116":{"start":{"line":176,"column":2},"end":{"line":176,"column":null}},"117":{"start":{"line":180,"column":21},"end":{"line":201,"column":null}},"118":{"start":{"line":181,"column":2},"end":{"line":185,"column":null}},"119":{"start":{"line":182,"column":4},"end":{"line":184,"column":null}},"120":{"start":{"line":186,"column":2},"end":{"line":188,"column":null}},"121":{"start":{"line":187,"column":4},"end":{"line":187,"column":null}},"122":{"start":{"line":189,"column":2},"end":{"line":189,"column":null}},"123":{"start":{"line":189,"column":22},"end":{"line":189,"column":null}},"124":{"start":{"line":190,"column":2},"end":{"line":190,"column":null}},"125":{"start":{"line":190,"column":20},"end":{"line":190,"column":null}},"126":{"start":{"line":191,"column":2},"end":{"line":193,"column":null}},"127":{"start":{"line":192,"column":4},"end":{"line":192,"column":null}},"128":{"start":{"line":194,"column":15},"end":{"line":194,"column":null}},"129":{"start":{"line":195,"column":2},"end":{"line":199,"column":null}},"130":{"start":{"line":196,"column":4},"end":{"line":196,"column":null}},"131":{"start":{"line":196,"column":28},"end":{"line":196,"column":null}},"132":{"start":{"line":197,"column":4},"end":{"line":197,"column":null}},"133":{"start":{"line":198,"column":4},"end":{"line":198,"column":null}},"134":{"start":{"line":200,"column":2},"end":{"line":200,"column":null}},"135":{"start":{"line":204,"column":22},"end":{"line":227,"column":null}},"136":{"start":{"line":205,"column":2},"end":{"line":206,"column":null}},"137":{"start":{"line":206,"column":4},"end":{"line":206,"column":null}},"138":{"start":{"line":208,"column":2},"end":{"line":208,"column":null}},"139":{"start":{"line":208,"column":15},"end":{"line":208,"column":null}},"140":{"start":{"line":209,"column":2},"end":{"line":209,"column":null}},"141":{"start":{"line":209,"column":14},"end":{"line":209,"column":null}},"142":{"start":{"line":211,"column":12},"end":{"line":211,"column":null}},"143":{"start":{"line":212,"column":13},"end":{"line":212,"column":null}},"144":{"start":{"line":213,"column":12},"end":{"line":213,"column":null}},"145":{"start":{"line":215,"column":2},"end":{"line":224,"column":null}},"146":{"start":{"line":216,"column":4},"end":{"line":216,"column":null}},"147":{"start":{"line":217,"column":19},"end":{"line":217,"column":null}},"148":{"start":{"line":219,"column":4},"end":{"line":223,"column":null}},"149":{"start":{"line":220,"column":6},"end":{"line":220,"column":null}},"150":{"start":{"line":222,"column":6},"end":{"line":222,"column":null}},"151":{"start":{"line":226,"column":2},"end":{"line":226,"column":null}},"152":{"start":{"line":229,"column":37},"end":{"line":240,"column":null}},"153":{"start":{"line":230,"column":2},"end":{"line":230,"column":null}},"154":{"start":{"line":230,"column":25},"end":{"line":230,"column":null}},"155":{"start":{"line":233,"column":15},"end":{"line":233,"column":null}},"156":{"start":{"line":233,"column":43},"end":{"line":233,"column":56}},"157":{"start":{"line":237,"column":4},"end":{"line":237,"column":null}},"158":{"start":{"line":237,"column":32},"end":{"line":237,"column":57}},"159":{"start":{"line":239,"column":2},"end":{"line":239,"column":null}},"160":{"start":{"line":242,"column":33},"end":{"line":259,"column":null}},"161":{"start":{"line":243,"column":2},"end":{"line":243,"column":null}},"162":{"start":{"line":243,"column":25},"end":{"line":243,"column":null}},"163":{"start":{"line":246,"column":15},"end":{"line":246,"column":null}},"164":{"start":{"line":246,"column":43},"end":{"line":246,"column":56}},"165":{"start":{"line":249,"column":25},"end":{"line":252,"column":null}},"166":{"start":{"line":250,"column":17},"end":{"line":250,"column":null}},"167":{"start":{"line":251,"column":4},"end":{"line":251,"column":null}},"168":{"start":{"line":255,"column":19},"end":{"line":255,"column":null}},"169":{"start":{"line":258,"column":2},"end":{"line":258,"column":null}},"170":{"start":{"line":262,"column":23},"end":{"line":269,"column":null}},"171":{"start":{"line":263,"column":2},"end":{"line":264,"column":null}},"172":{"start":{"line":264,"column":4},"end":{"line":264,"column":null}},"173":{"start":{"line":265,"column":2},"end":{"line":266,"column":null}},"174":{"start":{"line":266,"column":4},"end":{"line":266,"column":null}},"175":{"start":{"line":268,"column":2},"end":{"line":268,"column":null}},"176":{"start":{"line":274,"column":24},"end":{"line":514,"column":null}},"177":{"start":{"line":276,"column":2},"end":{"line":276,"column":null}},"178":{"start":{"line":279,"column":32},"end":{"line":291,"column":null}},"179":{"start":{"line":280,"column":4},"end":{"line":290,"column":null}},"180":{"start":{"line":281,"column":24},"end":{"line":281,"column":null}},"181":{"start":{"line":282,"column":26},"end":{"line":284,"column":null}},"182":{"start":{"line":284,"column":28},"end":{"line":284,"column":48}},"183":{"start":{"line":286,"column":8},"end":{"line":288,"column":null}},"184":{"start":{"line":289,"column":6},"end":{"line":289,"column":null}},"185":{"start":{"line":294,"column":2},"end":{"line":294,"column":null}},"186":{"start":{"line":297,"column":2},"end":{"line":297,"column":null}},"187":{"start":{"line":300,"column":17},"end":{"line":302,"column":null}},"188":{"start":{"line":304,"column":38},"end":{"line":304,"column":null}},"189":{"start":{"line":305,"column":30},"end":{"line":305,"column":null}},"190":{"start":{"line":307,"column":48},"end":{"line":322,"column":null}},"191":{"start":{"line":325,"column":2},"end":{"line":376,"column":null}},"192":{"start":{"line":325,"column":15},"end":{"line":325,"column":18}},"193":{"start":{"line":326,"column":18},"end":{"line":326,"column":null}},"194":{"start":{"line":328,"column":4},"end":{"line":375,"column":null}},"195":{"start":{"line":329,"column":6},"end":{"line":329,"column":null}},"196":{"start":{"line":330,"column":4},"end":{"line":375,"column":null}},"197":{"start":{"line":331,"column":6},"end":{"line":331,"column":null}},"198":{"start":{"line":332,"column":4},"end":{"line":375,"column":null}},"199":{"start":{"line":333,"column":6},"end":{"line":333,"column":null}},"200":{"start":{"line":334,"column":4},"end":{"line":375,"column":null}},"201":{"start":{"line":335,"column":6},"end":{"line":335,"column":null}},"202":{"start":{"line":336,"column":4},"end":{"line":375,"column":null}},"203":{"start":{"line":337,"column":6},"end":{"line":339,"column":null}},"204":{"start":{"line":338,"column":8},"end":{"line":338,"column":null}},"205":{"start":{"line":340,"column":6},"end":{"line":340,"column":null}},"206":{"start":{"line":341,"column":4},"end":{"line":375,"column":null}},"207":{"start":{"line":343,"column":22},"end":{"line":349,"column":null}},"208":{"start":{"line":351,"column":6},"end":{"line":365,"column":null}},"209":{"start":{"line":353,"column":8},"end":{"line":353,"column":null}},"210":{"start":{"line":354,"column":8},"end":{"line":354,"column":null}},"211":{"start":{"line":357,"column":8},"end":{"line":363,"column":null}},"212":{"start":{"line":362,"column":10},"end":{"line":362,"column":null}},"213":{"start":{"line":364,"column":8},"end":{"line":364,"column":null}},"214":{"start":{"line":367,"column":6},"end":{"line":373,"column":null}},"215":{"start":{"line":372,"column":8},"end":{"line":372,"column":null}},"216":{"start":{"line":374,"column":6},"end":{"line":374,"column":null}},"217":{"start":{"line":378,"column":2},"end":{"line":380,"column":null}},"218":{"start":{"line":379,"column":4},"end":{"line":379,"column":null}},"219":{"start":{"line":382,"column":26},"end":{"line":382,"column":null}},"220":{"start":{"line":383,"column":2},"end":{"line":511,"column":null}},"221":{"start":{"line":384,"column":4},"end":{"line":510,"column":null}},"222":{"start":{"line":385,"column":6},"end":{"line":385,"column":null}},"223":{"start":{"line":388,"column":6},"end":{"line":509,"column":null}},"224":{"start":{"line":389,"column":29},"end":{"line":389,"column":null}},"225":{"start":{"line":390,"column":8},"end":{"line":390,"column":null}},"226":{"start":{"line":390,"column":27},"end":{"line":390,"column":null}},"227":{"start":{"line":392,"column":24},"end":{"line":401,"column":null}},"228":{"start":{"line":394,"column":22},"end":{"line":394,"column":30}},"229":{"start":{"line":395,"column":25},"end":{"line":395,"column":33}},"230":{"start":{"line":397,"column":24},"end":{"line":397,"column":null}},"231":{"start":{"line":398,"column":12},"end":{"line":399,"column":null}},"232":{"start":{"line":399,"column":14},"end":{"line":399,"column":null}},"233":{"start":{"line":400,"column":12},"end":{"line":400,"column":null}},"234":{"start":{"line":403,"column":8},"end":{"line":404,"column":null}},"235":{"start":{"line":404,"column":10},"end":{"line":404,"column":null}},"236":{"start":{"line":405,"column":8},"end":{"line":405,"column":null}},"237":{"start":{"line":406,"column":6},"end":{"line":509,"column":null}},"238":{"start":{"line":407,"column":29},"end":{"line":407,"column":null}},"239":{"start":{"line":408,"column":8},"end":{"line":408,"column":null}},"240":{"start":{"line":408,"column":27},"end":{"line":408,"column":null}},"241":{"start":{"line":410,"column":24},"end":{"line":419,"column":null}},"242":{"start":{"line":412,"column":22},"end":{"line":412,"column":30}},"243":{"start":{"line":413,"column":25},"end":{"line":413,"column":33}},"244":{"start":{"line":415,"column":24},"end":{"line":415,"column":null}},"245":{"start":{"line":416,"column":12},"end":{"line":417,"column":null}},"246":{"start":{"line":417,"column":14},"end":{"line":417,"column":null}},"247":{"start":{"line":418,"column":12},"end":{"line":418,"column":null}},"248":{"start":{"line":421,"column":8},"end":{"line":422,"column":null}},"249":{"start":{"line":422,"column":10},"end":{"line":422,"column":null}},"250":{"start":{"line":423,"column":8},"end":{"line":423,"column":null}},"251":{"start":{"line":426,"column":8},"end":{"line":508,"column":null}},"252":{"start":{"line":427,"column":23},"end":{"line":427,"column":null}},"253":{"start":{"line":428,"column":20},"end":{"line":428,"column":null}},"254":{"start":{"line":429,"column":10},"end":{"line":429,"column":null}},"255":{"start":{"line":431,"column":10},"end":{"line":507,"column":null}},"256":{"start":{"line":433,"column":24},"end":{"line":433,"column":null}},"257":{"start":{"line":434,"column":24},"end":{"line":434,"column":null}},"258":{"start":{"line":435,"column":14},"end":{"line":435,"column":null}},"259":{"start":{"line":436,"column":14},"end":{"line":436,"column":null}},"260":{"start":{"line":439,"column":24},"end":{"line":439,"column":null}},"261":{"start":{"line":440,"column":24},"end":{"line":440,"column":null}},"262":{"start":{"line":441,"column":14},"end":{"line":441,"column":null}},"263":{"start":{"line":442,"column":14},"end":{"line":442,"column":null}},"264":{"start":{"line":445,"column":24},"end":{"line":445,"column":null}},"265":{"start":{"line":446,"column":24},"end":{"line":446,"column":null}},"266":{"start":{"line":447,"column":14},"end":{"line":447,"column":null}},"267":{"start":{"line":448,"column":14},"end":{"line":448,"column":null}},"268":{"start":{"line":451,"column":24},"end":{"line":451,"column":null}},"269":{"start":{"line":452,"column":24},"end":{"line":452,"column":null}},"270":{"start":{"line":453,"column":14},"end":{"line":453,"column":null}},"271":{"start":{"line":454,"column":14},"end":{"line":454,"column":null}},"272":{"start":{"line":457,"column":24},"end":{"line":457,"column":null}},"273":{"start":{"line":458,"column":24},"end":{"line":458,"column":null}},"274":{"start":{"line":459,"column":14},"end":{"line":459,"column":null}},"275":{"start":{"line":460,"column":14},"end":{"line":460,"column":null}},"276":{"start":{"line":463,"column":24},"end":{"line":463,"column":null}},"277":{"start":{"line":464,"column":14},"end":{"line":464,"column":null}},"278":{"start":{"line":465,"column":14},"end":{"line":465,"column":null}},"279":{"start":{"line":468,"column":24},"end":{"line":468,"column":null}},"280":{"start":{"line":469,"column":14},"end":{"line":469,"column":null}},"281":{"start":{"line":470,"column":14},"end":{"line":470,"column":null}},"282":{"start":{"line":473,"column":24},"end":{"line":473,"column":null}},"283":{"start":{"line":474,"column":14},"end":{"line":474,"column":null}},"284":{"start":{"line":475,"column":14},"end":{"line":475,"column":null}},"285":{"start":{"line":478,"column":24},"end":{"line":478,"column":null}},"286":{"start":{"line":479,"column":14},"end":{"line":479,"column":null}},"287":{"start":{"line":480,"column":14},"end":{"line":480,"column":null}},"288":{"start":{"line":483,"column":24},"end":{"line":483,"column":null}},"289":{"start":{"line":484,"column":14},"end":{"line":484,"column":null}},"290":{"start":{"line":485,"column":14},"end":{"line":485,"column":null}},"291":{"start":{"line":488,"column":24},"end":{"line":488,"column":null}},"292":{"start":{"line":489,"column":14},"end":{"line":489,"column":null}},"293":{"start":{"line":490,"column":14},"end":{"line":490,"column":null}},"294":{"start":{"line":493,"column":24},"end":{"line":493,"column":null}},"295":{"start":{"line":494,"column":14},"end":{"line":494,"column":null}},"296":{"start":{"line":495,"column":14},"end":{"line":495,"column":null}},"297":{"start":{"line":498,"column":24},"end":{"line":498,"column":null}},"298":{"start":{"line":499,"column":14},"end":{"line":499,"column":null}},"299":{"start":{"line":500,"column":14},"end":{"line":500,"column":null}},"300":{"start":{"line":503,"column":24},"end":{"line":503,"column":null}},"301":{"start":{"line":504,"column":14},"end":{"line":504,"column":null}},"302":{"start":{"line":505,"column":14},"end":{"line":505,"column":null}},"303":{"start":{"line":513,"column":2},"end":{"line":513,"column":null}}},"fnMap":{"0":{"name":"(anonymous_0)","decl":{"start":{"line":6,"column":19},"end":{"line":6,"column":20}},"loc":{"start":{"line":6,"column":53},"end":{"line":6,"column":null}}},"1":{"name":"(anonymous_1)","decl":{"start":{"line":7,"column":24},"end":{"line":7,"column":25}},"loc":{"start":{"line":7,"column":58},"end":{"line":7,"column":null}}},"2":{"name":"(anonymous_2)","decl":{"start":{"line":8,"column":24},"end":{"line":8,"column":25}},"loc":{"start":{"line":8,"column":58},"end":{"line":8,"column":null}}},"3":{"name":"(anonymous_3)","decl":{"start":{"line":9,"column":22},"end":{"line":9,"column":23}},"loc":{"start":{"line":9,"column":56},"end":{"line":12,"column":null}}},"4":{"name":"(anonymous_4)","decl":{"start":{"line":17,"column":20},"end":{"line":17,"column":21}},"loc":{"start":{"line":17,"column":43},"end":{"line":25,"column":null}}},"5":{"name":"(anonymous_5)","decl":{"start":{"line":28,"column":25},"end":{"line":28,"column":26}},"loc":{"start":{"line":28,"column":48},"end":{"line":37,"column":null}}},"6":{"name":"(anonymous_6)","decl":{"start":{"line":40,"column":18},"end":{"line":40,"column":19}},"loc":{"start":{"line":40,"column":41},"end":{"line":109,"column":null}}},"7":{"name":"(anonymous_7)","decl":{"start":{"line":112,"column":21},"end":{"line":112,"column":22}},"loc":{"start":{"line":112,"column":44},"end":{"line":114,"column":null}}},"8":{"name":"(anonymous_8)","decl":{"start":{"line":117,"column":20},"end":{"line":117,"column":21}},"loc":{"start":{"line":117,"column":43},"end":{"line":126,"column":null}}},"9":{"name":"(anonymous_9)","decl":{"start":{"line":128,"column":19},"end":{"line":128,"column":20}},"loc":{"start":{"line":128,"column":42},"end":{"line":137,"column":null}}},"10":{"name":"(anonymous_10)","decl":{"start":{"line":139,"column":19},"end":{"line":139,"column":20}},"loc":{"start":{"line":139,"column":42},"end":{"line":144,"column":null}}},"11":{"name":"(anonymous_11)","decl":{"start":{"line":149,"column":19},"end":{"line":149,"column":20}},"loc":{"start":{"line":149,"column":42},"end":{"line":158,"column":null}}},"12":{"name":"(anonymous_12)","decl":{"start":{"line":161,"column":19},"end":{"line":161,"column":20}},"loc":{"start":{"line":161,"column":42},"end":{"line":163,"column":null}}},"13":{"name":"(anonymous_13)","decl":{"start":{"line":166,"column":21},"end":{"line":166,"column":22}},"loc":{"start":{"line":166,"column":44},"end":{"line":168,"column":null}}},"14":{"name":"(anonymous_14)","decl":{"start":{"line":173,"column":20},"end":{"line":173,"column":21}},"loc":{"start":{"line":173,"column":43},"end":{"line":177,"column":null}}},"15":{"name":"(anonymous_15)","decl":{"start":{"line":180,"column":21},"end":{"line":180,"column":22}},"loc":{"start":{"line":180,"column":65},"end":{"line":201,"column":null}}},"16":{"name":"(anonymous_16)","decl":{"start":{"line":204,"column":22},"end":{"line":204,"column":23}},"loc":{"start":{"line":204,"column":45},"end":{"line":227,"column":null}}},"17":{"name":"(anonymous_17)","decl":{"start":{"line":229,"column":37},"end":{"line":229,"column":38}},"loc":{"start":{"line":229,"column":65},"end":{"line":240,"column":null}}},"18":{"name":"(anonymous_18)","decl":{"start":{"line":233,"column":27},"end":{"line":233,"column":28}},"loc":{"start":{"line":233,"column":43},"end":{"line":233,"column":56}}},"19":{"name":"(anonymous_19)","decl":{"start":{"line":237,"column":16},"end":{"line":237,"column":17}},"loc":{"start":{"line":237,"column":32},"end":{"line":237,"column":57}}},"20":{"name":"(anonymous_20)","decl":{"start":{"line":242,"column":33},"end":{"line":242,"column":34}},"loc":{"start":{"line":242,"column":61},"end":{"line":259,"column":null}}},"21":{"name":"(anonymous_21)","decl":{"start":{"line":246,"column":27},"end":{"line":246,"column":28}},"loc":{"start":{"line":246,"column":43},"end":{"line":246,"column":56}}},"22":{"name":"(anonymous_22)","decl":{"start":{"line":249,"column":37},"end":{"line":249,"column":38}},"loc":{"start":{"line":249,"column":53},"end":{"line":252,"column":5}}},"23":{"name":"(anonymous_23)","decl":{"start":{"line":262,"column":23},"end":{"line":262,"column":24}},"loc":{"start":{"line":262,"column":60},"end":{"line":269,"column":null}}},"24":{"name":"(anonymous_24)","decl":{"start":{"line":274,"column":24},"end":{"line":274,"column":25}},"loc":{"start":{"line":274,"column":56},"end":{"line":514,"column":null}}},"25":{"name":"(anonymous_25)","decl":{"start":{"line":279,"column":32},"end":{"line":279,"column":33}},"loc":{"start":{"line":279,"column":58},"end":{"line":291,"column":null}}},"26":{"name":"(anonymous_26)","decl":{"start":{"line":280,"column":57},"end":{"line":280,"column":58}},"loc":{"start":{"line":280,"column":77},"end":{"line":290,"column":5}}},"27":{"name":"(anonymous_27)","decl":{"start":{"line":284,"column":13},"end":{"line":284,"column":14}},"loc":{"start":{"line":284,"column":28},"end":{"line":284,"column":48}}},"28":{"name":"(anonymous_28)","decl":{"start":{"line":394,"column":15},"end":{"line":394,"column":16}},"loc":{"start":{"line":394,"column":22},"end":{"line":394,"column":30}}},"29":{"name":"(anonymous_29)","decl":{"start":{"line":395,"column":18},"end":{"line":395,"column":19}},"loc":{"start":{"line":395,"column":25},"end":{"line":395,"column":33}}},"30":{"name":"(anonymous_30)","decl":{"start":{"line":396,"column":15},"end":{"line":396,"column":16}},"loc":{"start":{"line":396,"column":22},"end":{"line":401,"column":11}}},"31":{"name":"(anonymous_31)","decl":{"start":{"line":412,"column":15},"end":{"line":412,"column":16}},"loc":{"start":{"line":412,"column":22},"end":{"line":412,"column":30}}},"32":{"name":"(anonymous_32)","decl":{"start":{"line":413,"column":18},"end":{"line":413,"column":19}},"loc":{"start":{"line":413,"column":25},"end":{"line":413,"column":33}}},"33":{"name":"(anonymous_33)","decl":{"start":{"line":414,"column":15},"end":{"line":414,"column":16}},"loc":{"start":{"line":414,"column":22},"end":{"line":419,"column":11}}}},"branchMap":{"0":{"loc":{"start":{"line":10,"column":2},"end":{"line":10,"column":null}},"type":"if","locations":[{"start":{"line":10,"column":2},"end":{"line":10,"column":null}},{"start":{},"end":{}}]},"1":{"loc":{"start":{"line":18,"column":2},"end":{"line":18,"column":null}},"type":"if","locations":[{"start":{"line":18,"column":2},"end":{"line":18,"column":null}},{"start":{},"end":{}}]},"2":{"loc":{"start":{"line":19,"column":2},"end":{"line":19,"column":null}},"type":"if","locations":[{"start":{"line":19,"column":2},"end":{"line":19,"column":null}},{"start":{},"end":{}}]},"3":{"loc":{"start":{"line":29,"column":2},"end":{"line":30,"column":null}},"type":"if","locations":[{"start":{"line":29,"column":2},"end":{"line":30,"column":null}},{"start":{},"end":{}}]},"4":{"loc":{"start":{"line":29,"column":6},"end":{"line":29,"column":null}},"type":"binary-expr","locations":[{"start":{"line":29,"column":6},"end":{"line":29,"column":15}},{"start":{"line":29,"column":15},"end":{"line":29,"column":null}}]},"5":{"loc":{"start":{"line":31,"column":2},"end":{"line":31,"column":null}},"type":"if","locations":[{"start":{"line":31,"column":2},"end":{"line":31,"column":null}},{"start":{},"end":{}}]},"6":{"loc":{"start":{"line":31,"column":6},"end":{"line":31,"column":26}},"type":"binary-expr","locations":[{"start":{"line":31,"column":6},"end":{"line":31,"column":17}},{"start":{"line":31,"column":17},"end":{"line":31,"column":26}}]},"7":{"loc":{"start":{"line":41,"column":2},"end":{"line":42,"column":null}},"type":"if","locations":[{"start":{"line":41,"column":2},"end":{"line":42,"column":null}},{"start":{},"end":{}}]},"8":{"loc":{"start":{"line":49,"column":2},"end":{"line":58,"column":null}},"type":"if","locations":[{"start":{"line":49,"column":2},"end":{"line":58,"column":null}},{"start":{},"end":{}}]},"9":{"loc":{"start":{"line":61,"column":2},"end":{"line":63,"column":null}},"type":"if","locations":[{"start":{"line":61,"column":2},"end":{"line":63,"column":null}},{"start":{},"end":{}}]},"10":{"loc":{"start":{"line":66,"column":2},"end":{"line":78,"column":null}},"type":"if","locations":[{"start":{"line":66,"column":2},"end":{"line":78,"column":null}},{"start":{},"end":{}}]},"11":{"loc":{"start":{"line":66,"column":6},"end":{"line":66,"column":28}},"type":"binary-expr","locations":[{"start":{"line":66,"column":6},"end":{"line":66,"column":18}},{"start":{"line":66,"column":18},"end":{"line":66,"column":28}}]},"12":{"loc":{"start":{"line":142,"column":2},"end":{"line":142,"column":null}},"type":"if","locations":[{"start":{"line":142,"column":2},"end":{"line":142,"column":null}},{"start":{},"end":{}}]},"13":{"loc":{"start":{"line":155,"column":4},"end":{"line":155,"column":null}},"type":"if","locations":[{"start":{"line":155,"column":4},"end":{"line":155,"column":null}},{"start":{},"end":{}}]},"14":{"loc":{"start":{"line":162,"column":9},"end":{"line":162,"column":null}},"type":"cond-expr","locations":[{"start":{"line":162,"column":17},"end":{"line":162,"column":22}},{"start":{"line":162,"column":22},"end":{"line":162,"column":null}}]},"15":{"loc":{"start":{"line":181,"column":2},"end":{"line":185,"column":null}},"type":"if","locations":[{"start":{"line":181,"column":2},"end":{"line":185,"column":null}},{"start":{},"end":{}}]},"16":{"loc":{"start":{"line":181,"column":6},"end":{"line":181,"column":38}},"type":"binary-expr","locations":[{"start":{"line":181,"column":6},"end":{"line":181,"column":18}},{"start":{"line":181,"column":18},"end":{"line":181,"column":38}}]},"17":{"loc":{"start":{"line":186,"column":2},"end":{"line":188,"column":null}},"type":"if","locations":[{"start":{"line":186,"column":2},"end":{"line":188,"column":null}},{"start":{},"end":{}}]},"18":{"loc":{"start":{"line":186,"column":6},"end":{"line":186,"column":34}},"type":"binary-expr","locations":[{"start":{"line":186,"column":6},"end":{"line":186,"column":20}},{"start":{"line":186,"column":20},"end":{"line":186,"column":34}}]},"19":{"loc":{"start":{"line":189,"column":2},"end":{"line":189,"column":null}},"type":"if","locations":[{"start":{"line":189,"column":2},"end":{"line":189,"column":null}},{"start":{},"end":{}}]},"20":{"loc":{"start":{"line":190,"column":2},"end":{"line":190,"column":null}},"type":"if","locations":[{"start":{"line":190,"column":2},"end":{"line":190,"column":null}},{"start":{},"end":{}}]},"21":{"loc":{"start":{"line":191,"column":2},"end":{"line":193,"column":null}},"type":"if","locations":[{"start":{"line":191,"column":2},"end":{"line":193,"column":null}},{"start":{},"end":{}}]},"22":{"loc":{"start":{"line":196,"column":4},"end":{"line":196,"column":null}},"type":"if","locations":[{"start":{"line":196,"column":4},"end":{"line":196,"column":null}},{"start":{},"end":{}}]},"23":{"loc":{"start":{"line":205,"column":2},"end":{"line":206,"column":null}},"type":"if","locations":[{"start":{"line":205,"column":2},"end":{"line":206,"column":null}},{"start":{},"end":{}}]},"24":{"loc":{"start":{"line":205,"column":6},"end":{"line":205,"column":null}},"type":"binary-expr","locations":[{"start":{"line":205,"column":6},"end":{"line":205,"column":16}},{"start":{"line":205,"column":16},"end":{"line":205,"column":null}}]},"25":{"loc":{"start":{"line":208,"column":2},"end":{"line":208,"column":null}},"type":"if","locations":[{"start":{"line":208,"column":2},"end":{"line":208,"column":null}},{"start":{},"end":{}}]},"26":{"loc":{"start":{"line":209,"column":2},"end":{"line":209,"column":null}},"type":"if","locations":[{"start":{"line":209,"column":2},"end":{"line":209,"column":null}},{"start":{},"end":{}}]},"27":{"loc":{"start":{"line":219,"column":4},"end":{"line":223,"column":null}},"type":"if","locations":[{"start":{"line":219,"column":4},"end":{"line":223,"column":null}},{"start":{"line":221,"column":11},"end":{"line":223,"column":null}}]},"28":{"loc":{"start":{"line":230,"column":2},"end":{"line":230,"column":null}},"type":"if","locations":[{"start":{"line":230,"column":2},"end":{"line":230,"column":null}},{"start":{},"end":{}}]},"29":{"loc":{"start":{"line":243,"column":2},"end":{"line":243,"column":null}},"type":"if","locations":[{"start":{"line":243,"column":2},"end":{"line":243,"column":null}},{"start":{},"end":{}}]},"30":{"loc":{"start":{"line":263,"column":2},"end":{"line":264,"column":null}},"type":"if","locations":[{"start":{"line":263,"column":2},"end":{"line":264,"column":null}},{"start":{},"end":{}}]},"31":{"loc":{"start":{"line":265,"column":2},"end":{"line":266,"column":null}},"type":"if","locations":[{"start":{"line":265,"column":2},"end":{"line":266,"column":null}},{"start":{},"end":{}}]},"32":{"loc":{"start":{"line":265,"column":6},"end":{"line":265,"column":null}},"type":"binary-expr","locations":[{"start":{"line":265,"column":6},"end":{"line":265,"column":19}},{"start":{"line":265,"column":19},"end":{"line":265,"column":null}}]},"33":{"loc":{"start":{"line":281,"column":24},"end":{"line":281,"column":null}},"type":"cond-expr","locations":[{"start":{"line":281,"column":50},"end":{"line":281,"column":58}},{"start":{"line":281,"column":58},"end":{"line":281,"column":null}}]},"34":{"loc":{"start":{"line":286,"column":8},"end":{"line":288,"column":null}},"type":"cond-expr","locations":[{"start":{"line":287,"column":12},"end":{"line":287,"column":null}},{"start":{"line":288,"column":12},"end":{"line":288,"column":null}}]},"35":{"loc":{"start":{"line":300,"column":17},"end":{"line":302,"column":null}},"type":"binary-expr","locations":[{"start":{"line":300,"column":17},"end":{"line":302,"column":7}},{"start":{"line":302,"column":7},"end":{"line":302,"column":null}}]},"36":{"loc":{"start":{"line":328,"column":4},"end":{"line":375,"column":null}},"type":"if","locations":[{"start":{"line":328,"column":4},"end":{"line":375,"column":null}},{"start":{"line":330,"column":4},"end":{"line":375,"column":null}}]},"37":{"loc":{"start":{"line":330,"column":4},"end":{"line":375,"column":null}},"type":"if","locations":[{"start":{"line":330,"column":4},"end":{"line":375,"column":null}},{"start":{"line":332,"column":4},"end":{"line":375,"column":null}}]},"38":{"loc":{"start":{"line":330,"column":15},"end":{"line":330,"column":48}},"type":"binary-expr","locations":[{"start":{"line":330,"column":15},"end":{"line":330,"column":32}},{"start":{"line":330,"column":32},"end":{"line":330,"column":48}}]},"39":{"loc":{"start":{"line":331,"column":18},"end":{"line":331,"column":42}},"type":"cond-expr","locations":[{"start":{"line":331,"column":34},"end":{"line":331,"column":39}},{"start":{"line":331,"column":39},"end":{"line":331,"column":42}}]},"40":{"loc":{"start":{"line":332,"column":4},"end":{"line":375,"column":null}},"type":"if","locations":[{"start":{"line":332,"column":4},"end":{"line":375,"column":null}},{"start":{"line":334,"column":4},"end":{"line":375,"column":null}}]},"41":{"loc":{"start":{"line":332,"column":15},"end":{"line":332,"column":48}},"type":"binary-expr","locations":[{"start":{"line":332,"column":15},"end":{"line":332,"column":32}},{"start":{"line":332,"column":32},"end":{"line":332,"column":48}}]},"42":{"loc":{"start":{"line":333,"column":18},"end":{"line":333,"column":40}},"type":"cond-expr","locations":[{"start":{"line":333,"column":34},"end":{"line":333,"column":38}},{"start":{"line":333,"column":38},"end":{"line":333,"column":40}}]},"43":{"loc":{"start":{"line":334,"column":4},"end":{"line":375,"column":null}},"type":"if","locations":[{"start":{"line":334,"column":4},"end":{"line":375,"column":null}},{"start":{"line":336,"column":4},"end":{"line":375,"column":null}}]},"44":{"loc":{"start":{"line":336,"column":4},"end":{"line":375,"column":null}},"type":"if","locations":[{"start":{"line":336,"column":4},"end":{"line":375,"column":null}},{"start":{"line":341,"column":4},"end":{"line":375,"column":null}}]},"45":{"loc":{"start":{"line":337,"column":13},"end":{"line":337,"column":74}},"type":"binary-expr","locations":[{"start":{"line":337,"column":13},"end":{"line":337,"column":33}},{"start":{"line":337,"column":33},"end":{"line":337,"column":74}}]},"46":{"loc":{"start":{"line":341,"column":4},"end":{"line":375,"column":null}},"type":"if","locations":[{"start":{"line":341,"column":4},"end":{"line":375,"column":null}},{"start":{"line":366,"column":11},"end":{"line":375,"column":null}}]},"47":{"loc":{"start":{"line":343,"column":22},"end":{"line":349,"column":null}},"type":"binary-expr","locations":[{"start":{"line":343,"column":22},"end":{"line":343,"column":null}},{"start":{"line":344,"column":21},"end":{"line":344,"column":null}},{"start":{"line":345,"column":21},"end":{"line":345,"column":null}},{"start":{"line":346,"column":21},"end":{"line":346,"column":null}},{"start":{"line":347,"column":21},"end":{"line":347,"column":null}},{"start":{"line":348,"column":21},"end":{"line":348,"column":null}},{"start":{"line":349,"column":21},"end":{"line":349,"column":null}}]},"48":{"loc":{"start":{"line":351,"column":6},"end":{"line":365,"column":null}},"type":"if","locations":[{"start":{"line":351,"column":6},"end":{"line":365,"column":null}},{"start":{"line":355,"column":13},"end":{"line":365,"column":null}}]},"49":{"loc":{"start":{"line":358,"column":10},"end":{"line":360,"column":null}},"type":"binary-expr","locations":[{"start":{"line":358,"column":10},"end":{"line":358,"column":null}},{"start":{"line":359,"column":10},"end":{"line":359,"column":null}},{"start":{"line":360,"column":10},"end":{"line":360,"column":null}}]},"50":{"loc":{"start":{"line":368,"column":8},"end":{"line":370,"column":null}},"type":"binary-expr","locations":[{"start":{"line":368,"column":8},"end":{"line":368,"column":null}},{"start":{"line":369,"column":8},"end":{"line":369,"column":null}},{"start":{"line":370,"column":8},"end":{"line":370,"column":null}}]},"51":{"loc":{"start":{"line":384,"column":4},"end":{"line":510,"column":null}},"type":"if","locations":[{"start":{"line":384,"column":4},"end":{"line":510,"column":null}},{"start":{"line":386,"column":11},"end":{"line":510,"column":null}}]},"52":{"loc":{"start":{"line":388,"column":6},"end":{"line":509,"column":null}},"type":"if","locations":[{"start":{"line":388,"column":6},"end":{"line":509,"column":null}},{"start":{"line":406,"column":6},"end":{"line":509,"column":null}}]},"53":{"loc":{"start":{"line":390,"column":8},"end":{"line":390,"column":null}},"type":"if","locations":[{"start":{"line":390,"column":8},"end":{"line":390,"column":null}},{"start":{},"end":{}}]},"54":{"loc":{"start":{"line":398,"column":12},"end":{"line":399,"column":null}},"type":"if","locations":[{"start":{"line":398,"column":12},"end":{"line":399,"column":null}},{"start":{},"end":{}}]},"55":{"loc":{"start":{"line":403,"column":8},"end":{"line":404,"column":null}},"type":"if","locations":[{"start":{"line":403,"column":8},"end":{"line":404,"column":null}},{"start":{},"end":{}}]},"56":{"loc":{"start":{"line":406,"column":6},"end":{"line":509,"column":null}},"type":"if","locations":[{"start":{"line":406,"column":6},"end":{"line":509,"column":null}},{"start":{"line":424,"column":13},"end":{"line":509,"column":null}}]},"57":{"loc":{"start":{"line":408,"column":8},"end":{"line":408,"column":null}},"type":"if","locations":[{"start":{"line":408,"column":8},"end":{"line":408,"column":null}},{"start":{},"end":{}}]},"58":{"loc":{"start":{"line":416,"column":12},"end":{"line":417,"column":null}},"type":"if","locations":[{"start":{"line":416,"column":12},"end":{"line":417,"column":null}},{"start":{},"end":{}}]},"59":{"loc":{"start":{"line":421,"column":8},"end":{"line":422,"column":null}},"type":"if","locations":[{"start":{"line":421,"column":8},"end":{"line":422,"column":null}},{"start":{},"end":{}}]},"60":{"loc":{"start":{"line":426,"column":8},"end":{"line":508,"column":null}},"type":"if","locations":[{"start":{"line":426,"column":8},"end":{"line":508,"column":null}},{"start":{"line":430,"column":15},"end":{"line":508,"column":null}}]},"61":{"loc":{"start":{"line":431,"column":10},"end":{"line":507,"column":null}},"type":"switch","locations":[{"start":{"line":432,"column":12},"end":{"line":437,"column":null}},{"start":{"line":438,"column":12},"end":{"line":443,"column":null}},{"start":{"line":444,"column":12},"end":{"line":449,"column":null}},{"start":{"line":450,"column":12},"end":{"line":455,"column":null}},{"start":{"line":456,"column":12},"end":{"line":461,"column":null}},{"start":{"line":462,"column":12},"end":{"line":466,"column":null}},{"start":{"line":467,"column":12},"end":{"line":471,"column":null}},{"start":{"line":472,"column":12},"end":{"line":476,"column":null}},{"start":{"line":477,"column":12},"end":{"line":481,"column":null}},{"start":{"line":482,"column":12},"end":{"line":486,"column":null}},{"start":{"line":487,"column":12},"end":{"line":491,"column":null}},{"start":{"line":492,"column":12},"end":{"line":496,"column":null}},{"start":{"line":497,"column":12},"end":{"line":501,"column":null}},{"start":{"line":502,"column":12},"end":{"line":506,"column":null}}]}},"s":{"0":14,"1":14,"2":14,"3":5,"4":14,"5":3,"6":14,"7":4,"8":14,"9":4,"10":1,"11":3,"12":14,"13":16,"14":1,"15":15,"16":4,"17":11,"18":11,"19":11,"20":165,"21":11,"22":14,"23":7,"24":2,"25":5,"26":2,"27":3,"28":3,"29":3,"30":17,"31":3,"32":14,"33":62,"34":4,"35":58,"36":58,"37":58,"38":11,"39":11,"40":11,"41":39,"42":39,"43":11,"44":47,"45":2,"46":45,"47":15,"48":15,"49":15,"50":15,"51":15,"52":10,"53":10,"54":10,"55":15,"56":30,"57":30,"58":30,"59":82,"60":82,"61":30,"62":23,"63":23,"64":30,"65":30,"66":30,"67":30,"68":30,"69":485,"70":485,"71":485,"72":30,"73":14,"74":7,"75":14,"76":10,"77":10,"78":10,"79":10,"80":10,"81":150,"82":150,"83":10,"84":14,"85":300,"86":300,"87":300,"88":300,"89":300,"90":4500,"91":4500,"92":300,"93":14,"94":5,"95":5,"96":5,"97":0,"98":5,"99":14,"100":44,"101":44,"102":44,"103":44,"104":836,"105":836,"106":836,"107":44,"108":44,"109":14,"110":1417,"111":14,"112":29,"113":14,"114":20,"115":20,"116":20,"117":14,"118":26,"119":2,"120":24,"121":2,"122":22,"123":2,"124":20,"125":5,"126":15,"127":4,"128":11,"129":11,"130":29,"131":23,"132":29,"133":29,"134":11,"135":14,"136":15,"137":4,"138":11,"139":2,"140":9,"141":2,"142":7,"143":7,"144":7,"145":7,"146":294,"147":294,"148":294,"149":127,"150":167,"151":7,"152":14,"153":11,"154":1,"155":10,"156":41,"157":10,"158":41,"159":10,"160":14,"161":15,"162":1,"163":14,"164":62,"165":14,"166":62,"167":62,"168":14,"169":14,"170":14,"171":19,"172":2,"173":17,"174":5,"175":12,"176":14,"177":29,"178":29,"179":29,"180":6,"181":6,"182":31,"183":6,"184":6,"185":29,"186":29,"187":29,"188":29,"189":29,"190":29,"191":29,"192":29,"193":100,"194":100,"195":37,"196":63,"197":0,"198":63,"199":0,"200":63,"201":20,"202":43,"203":19,"204":1,"205":19,"206":24,"207":0,"208":0,"209":0,"210":0,"211":0,"212":0,"213":0,"214":24,"215":0,"216":24,"217":29,"218":24,"219":29,"220":29,"221":62,"222":37,"223":25,"224":0,"225":0,"226":0,"227":0,"228":0,"229":0,"230":0,"231":0,"232":0,"233":0,"234":0,"235":0,"236":0,"237":25,"238":0,"239":0,"240":0,"241":0,"242":0,"243":0,"244":0,"245":0,"246":0,"247":0,"248":0,"249":0,"250":0,"251":25,"252":3,"253":3,"254":3,"255":22,"256":2,"257":2,"258":2,"259":2,"260":0,"261":0,"262":0,"263":0,"264":1,"265":1,"266":1,"267":1,"268":1,"269":1,"270":1,"271":1,"272":4,"273":4,"274":4,"275":2,"276":0,"277":0,"278":0,"279":1,"280":1,"281":1,"282":1,"283":1,"284":1,"285":3,"286":3,"287":3,"288":1,"289":1,"290":1,"291":1,"292":1,"293":1,"294":1,"295":1,"296":1,"297":1,"298":1,"299":1,"300":4,"301":4,"302":2,"303":23},"f":{"0":5,"1":3,"2":4,"3":4,"4":16,"5":7,"6":62,"7":7,"8":10,"9":300,"10":5,"11":44,"12":1417,"13":29,"14":20,"15":26,"16":15,"17":11,"18":41,"19":41,"20":15,"21":62,"22":62,"23":19,"24":29,"25":29,"26":6,"27":31,"28":0,"29":0,"30":0,"31":0,"32":0,"33":0},"b":{"0":[1,3],"1":[1,15],"2":[4,11],"3":[2,5],"4":[7,6],"5":[2,3],"6":[5,4],"7":[4,58],"8":[11,47],"9":[2,45],"10":[15,30],"11":[45,43],"12":[0,5],"13":[44,792],"14":[458,959],"15":[2,24],"16":[26,6],"17":[2,22],"18":[24,4],"19":[2,20],"20":[5,15],"21":[4,11],"22":[23,6],"23":[4,11],"24":[15,13],"25":[2,9],"26":[2,7],"27":[127,167],"28":[1,10],"29":[1,14],"30":[2,17],"31":[5,12],"32":[17,13],"33":[3,3],"34":[3,3],"35":[29,0],"36":[37,63],"37":[0,63],"38":[63,63],"39":[0,0],"40":[0,63],"41":[63,63],"42":[0,0],"43":[20,43],"44":[19,24],"45":[20,20],"46":[0,24],"47":[0,0,0,0,0,0,0],"48":[0,0],"49":[0,0,0],"50":[24,2,0],"51":[37,25],"52":[0,25],"53":[0,0],"54":[0,0],"55":[0,0],"56":[0,25],"57":[0,0],"58":[0,0],"59":[0,0],"60":[3,22],"61":[2,0,1,1,4,0,1,1,3,1,1,1,1,4]}}
}
